<?xml version="1.0" encoding="UTF-8"?>
<!-- Generated by org.testng.reporters.JUnitReportReporter -->
<testsuite hostname="MacBookAir.lan" failures="0" tests="4" name="WebLoginFlow.WebLogin" time="13.719" errors="0" timestamp="2025-04-23T20:31:55 IST" skipped="0">
  <testcase classname="WebLoginFlow.WebLogin" name="opensite" time="11.110"/>
  <testcase classname="WebLoginFlow.WebLogin" name="enterCrendentials" time="0.933"/>
  <testcase classname="WebLoginFlow.WebLogin" name="clickLogin" time="1.601"/>
  <testcase classname="WebLoginFlow.WebLogin" name="verifyLogin" time="0.075"/>
</testsuite> <!-- WebLoginFlow.WebLogin -->
